<?xml version="1.0" encoding="UTF-8"?>
<testng-results skipped="0" failed="0" ignored="0" total="0" passed="0">
  <reporter-output>
  </reporter-output>
  <suite name="com.mousuma.MVNProj.AppTest" duration-ms="10" started-at="2019-09-22T11:10:08 IST" finished-at="2019-09-22T11:10:08 IST">
    <groups>
    </groups>
    <test name="Command line test" duration-ms="10" started-at="2019-09-22T11:10:08 IST" finished-at="2019-09-22T11:10:08 IST">
    </test> <!-- Command line test -->
  </suite> <!-- com.mousuma.MVNProj.AppTest -->
</testng-results>
